<?xml version="1.0" encoding="UTF-8"?>
<!-- Generated by org.testng.reporters.JUnitXMLReporter -->
<testsuite ignored="0" hostname="LTIN522182" failures="0" tests="4" name="TestOne" time="10.534" errors="0" timestamp="2024-12-30T14:18:45 IST">
  <testcase classname="quoeraSerchAutomation.main1" name="clickSigninAgain" time="0.176"/>
  <testcase classname="quoeraSerchAutomation.main1" name="clickSignupEmail" time="0.058"/>
  <testcase classname="quoeraSerchAutomation.main1" name="signUpButtonStatus" time="0.132"/>
  <testcase classname="quoeraSerchAutomation.main1" name="emailVerification" time="1.526"/>
</testsuite> <!-- TestOne -->
