<?xml version="1.0" encoding="UTF-8"?>
<!-- Generated by org.testng.reporters.JUnitXMLReporter -->
<testsuite ignored="0" hostname="LTIN522182" failures="0" tests="7" name="Test" time="25.181" errors="0" timestamp="2025-01-03T17:36:08 IST">
  <testcase classname="quoraSearchAutomation.main" name="clickSignin" time="1.012"/>
  <testcase classname="quoraSearchAutomation.main" name="clickSignupEmail" time="0.578"/>
  <testcase classname="quoraSearchAutomation.main" name="signUpButtonStatus" time="0.253"/>
  <testcase classname="quoraSearchAutomation.main" name="emailVerification" time="2.27"/>
  <testcase classname="quoraSearchAutomation.main" name="returnToLogin" time="0.397"/>
  <testcase classname="quoraSearchAutomation.main" name="Login" time="1.89"/>
  <testcase classname="quoraSearchAutomation.main" name="EnteringSearchValue" time="5.817"/>
</testsuite> <!-- Test -->
