<?xml version="1.0" encoding="UTF-8"?>
<!-- Generated by org.testng.reporters.JUnitXMLReporter -->
<testsuite ignored="0" hostname="LTIN522182" failures="0" tests="4" name="Test1" time="10.763" errors="0" timestamp="2024-12-30T14:16:20 IST">
  <testcase classname="quoeraSerchAutomation.main1" name="clickSigninAgain" time="0.167"/>
  <testcase classname="quoeraSerchAutomation.main1" name="clickSignupEmail" time="0.085"/>
  <testcase classname="quoeraSerchAutomation.main1" name="signUpButtonStatus" time="0.132"/>
  <testcase classname="quoeraSerchAutomation.main1" name="emailVerification" time="1.459"/>
</testsuite> <!-- Test1 -->
