<?xml version="1.0" encoding="UTF-8"?>
<testng-results ignored="0" total="7" passed="7" failed="0" skipped="0">
  <reporter-output>
  </reporter-output>
  <suite started-at="2025-01-03T17:35:42 IST" name="Suite" finished-at="2025-01-03T17:36:08 IST" duration-ms="25181">
    <groups>
    </groups>
    <test started-at="2025-01-03T17:35:42 IST" name="Test" finished-at="2025-01-03T17:36:08 IST" duration-ms="25181">
      <class name="quoraSearchAutomation.main">
        <test-method is-config="true" signature="LaunchApplication()[pri:0, instance:quoraSearchAutomation.main@3f6b0be5]" started-at="2025-01-03T17:35:43 IST" name="LaunchApplication" finished-at="2025-01-03T17:35:51 IST" duration-ms="7878" status="PASS">
          <reporter-output>
          </reporter-output>
        </test-method> <!-- LaunchApplication -->
        <test-method signature="clickSignin()[pri:1, instance:quoraSearchAutomation.main@3f6b0be5]" started-at="2025-01-03T17:35:51 IST" name="clickSignin" finished-at="2025-01-03T17:35:52 IST" duration-ms="1012" status="PASS">
          <reporter-output>
          </reporter-output>
        </test-method> <!-- clickSignin -->
        <test-method signature="clickSignupEmail()[pri:2, instance:quoraSearchAutomation.main@3f6b0be5]" started-at="2025-01-03T17:35:52 IST" name="clickSignupEmail" finished-at="2025-01-03T17:35:53 IST" duration-ms="578" status="PASS">
          <reporter-output>
          </reporter-output>
        </test-method> <!-- clickSignupEmail -->
        <test-method signature="signUpButtonStatus()[pri:3, instance:quoraSearchAutomation.main@3f6b0be5]" started-at="2025-01-03T17:35:53 IST" name="signUpButtonStatus" finished-at="2025-01-03T17:35:53 IST" duration-ms="253" status="PASS">
          <reporter-output>
          </reporter-output>
        </test-method> <!-- signUpButtonStatus -->
        <test-method signature="emailVerification()[pri:4, instance:quoraSearchAutomation.main@3f6b0be5]" started-at="2025-01-03T17:35:53 IST" name="emailVerification" finished-at="2025-01-03T17:35:55 IST" duration-ms="2270" status="PASS">
          <reporter-output>
          </reporter-output>
        </test-method> <!-- emailVerification -->
        <test-method signature="returnToLogin()[pri:5, instance:quoraSearchAutomation.main@3f6b0be5]" started-at="2025-01-03T17:35:55 IST" name="returnToLogin" finished-at="2025-01-03T17:35:55 IST" duration-ms="397" status="PASS">
          <reporter-output>
          </reporter-output>
        </test-method> <!-- returnToLogin -->
        <test-method signature="Login()[pri:6, instance:quoraSearchAutomation.main@3f6b0be5]" started-at="2025-01-03T17:35:55 IST" name="Login" finished-at="2025-01-03T17:35:57 IST" duration-ms="1890" status="PASS">
          <reporter-output>
          </reporter-output>
        </test-method> <!-- Login -->
        <test-method signature="EnteringSearchValue()[pri:7, instance:quoraSearchAutomation.main@3f6b0be5]" started-at="2025-01-03T17:35:57 IST" name="EnteringSearchValue" finished-at="2025-01-03T17:36:03 IST" duration-ms="5817" status="PASS">
          <reporter-output>
          </reporter-output>
        </test-method> <!-- EnteringSearchValue -->
        <test-method is-config="true" signature="CloseApplication()[pri:0, instance:quoraSearchAutomation.main@3f6b0be5]" started-at="2025-01-03T17:36:03 IST" name="CloseApplication" finished-at="2025-01-03T17:36:08 IST" duration-ms="4475" status="PASS">
          <reporter-output>
          </reporter-output>
        </test-method> <!-- CloseApplication -->
      </class> <!-- quoraSearchAutomation.main -->
    </test> <!-- Test -->
  </suite> <!-- Suite -->
</testng-results>
